<?xml version="1.0" encoding="UTF-8"?>
<testsuite name="AvionComercialTest" tests="1" skipped="0" failures="0" errors="0" timestamp="2024-06-09T21:05:15" hostname="DESKTOP-I9VUA67" time="0.025">
  <properties/>
  <testcase name="testCalcularConsumoAvionComercialRetorna50()" classname="AvionComercialTest" time="0.025"/>
  <system-out><![CDATA[]]></system-out>
  <system-err><![CDATA[]]></system-err>
</testsuite>
